SF:lib/app/core/api/api_config_service.dart
DA:9,1
DA:14,1
DA:15,3
DA:19,1
DA:20,4
DA:22,1
DA:23,1
DA:26,1
DA:27,1
DA:28,1
DA:29,1
DA:31,1
LF:12
LH:12
end_of_record
SF:lib/app/features/characters/data/datasources/marvel_remote_datasource.dart
DA:16,1
DA:18,1
DA:21,2
DA:23,1
DA:24,2
DA:25,1
DA:26,1
DA:27,1
DA:30,1
DA:32,1
LF:10
LH:10
end_of_record
SF:lib/app/features/characters/domain/entities/character_entity.dart
DA:6,1
LF:1
LH:1
end_of_record
SF:lib/app/features/characters/infra/repositories/marvel_repository_impl.dart
DA:13,1
DA:15,1
DA:18,2
DA:20,2
DA:21,3
DA:22,1
DA:23,1
DA:24,1
DA:25,2
DA:26,1
DA:27,1
DA:28,1
DA:31,1
DA:32,1
DA:33,2
LF:15
LH:15
end_of_record
SF:lib/app/core/services/network/retrofit_service.g.dart
DA:12,0
DA:24,0
DA:30,0
DA:31,0
DA:36,0
DA:38,0
DA:43,0
DA:44,0
DA:49,0
DA:50,0
DA:51,0
DA:52,0
DA:54,0
DA:55,0
DA:56,0
DA:60,0
DA:61,0
DA:62,0
DA:63,0
DA:64,0
DA:65,0
DA:67,0
DA:73,0
DA:77,0
DA:81,0
DA:83,0
DA:84,0
DA:87,0
LF:28
LH:0
end_of_record
SF:lib/app/features/characters/infra/models/character_model.dart
DA:6,1
DA:12,1
DA:13,1
DA:14,1
DA:15,1
DA:16,1
LF:6
LH:6
end_of_record
